1711425811.070481 client started (2436801): version 3.2a, socket /tmp/tmux-1000/default, protocol 8
1711425811.070509 on Linux 6.5.0-25-generic #25~22.04.1-Ubuntu SMP PREEMPT_DYNAMIC Tue Feb 20 16:09:15 UTC 2
1711425811.070515 using libevent 2.1.12-stable (poll); ncurses 6.3
1711425811.070548 flags are 0x18010000
1711425811.070553 socket is /tmp/tmux-1000/default
1711425811.070568 trying connect
1711425811.070586 connect failed: No such file or directory
1711425811.070599 lock file is /tmp/tmux-1000/default.lock
1711425811.070626 flock succeeded
1711425811.070631 got lock (6)
1711425811.070639 trying connect
1711425811.070650 connect failed: No such file or directory
1711425811.070972 add peer 0x5f016de7ae80: 7 ((nil))
1711425811.071580 sending message 100 to peer 0x5f016de7ae80 (4 bytes)
1711425811.071594 sending message 111 to peer 0x5f016de7ae80 (8 bytes)
1711425811.071599 sending message 101 to peer 0x5f016de7ae80 (10 bytes)
1711425811.071604 sending message 109 to peer 0x5f016de7ae80 (4 bytes)
1711425811.071609 sending message 102 to peer 0x5f016de7ae80 (11 bytes)
1711425811.071616 sending message 108 to peer 0x5f016de7ae80 (26 bytes)
1711425811.071621 sending message 112 to peer 0x5f016de7ae80 (58 bytes)
1711425811.071626 sending message 112 to peer 0x5f016de7ae80 (5 bytes)
1711425811.071630 sending message 112 to peer 0x5f016de7ae80 (5 bytes)
1711425811.071635 sending message 112 to peer 0x5f016de7ae80 (6 bytes)
1711425811.071640 sending message 112 to peer 0x5f016de7ae80 (6 bytes)
1711425811.071644 sending message 112 to peer 0x5f016de7ae80 (10 bytes)
1711425811.071649 sending message 112 to peer 0x5f016de7ae80 (13 bytes)
1711425811.071653 sending message 112 to peer 0x5f016de7ae80 (14 bytes)
1711425811.071658 sending message 112 to peer 0x5f016de7ae80 (19 bytes)
1711425811.071663 sending message 112 to peer 0x5f016de7ae80 (11 bytes)
1711425811.071667 sending message 112 to peer 0x5f016de7ae80 (10 bytes)
1711425811.071672 sending message 112 to peer 0x5f016de7ae80 (15 bytes)
1711425811.071676 sending message 112 to peer 0x5f016de7ae80 (21 bytes)
1711425811.071681 sending message 112 to peer 0x5f016de7ae80 (13 bytes)
1711425811.071686 sending message 112 to peer 0x5f016de7ae80 (7 bytes)
1711425811.071691 sending message 112 to peer 0x5f016de7ae80 (13 bytes)
1711425811.071695 sending message 112 to peer 0x5f016de7ae80 (7 bytes)
1711425811.071700 sending message 112 to peer 0x5f016de7ae80 (13 bytes)
1711425811.071704 sending message 112 to peer 0x5f016de7ae80 (9 bytes)
1711425811.071709 sending message 112 to peer 0x5f016de7ae80 (21 bytes)
1711425811.071714 sending message 112 to peer 0x5f016de7ae80 (13 bytes)
1711425811.071718 sending message 112 to peer 0x5f016de7ae80 (9 bytes)
1711425811.071723 sending message 112 to peer 0x5f016de7ae80 (16 bytes)
1711425811.071728 sending message 112 to peer 0x5f016de7ae80 (13 bytes)
1711425811.071733 sending message 112 to peer 0x5f016de7ae80 (9 bytes)
1711425811.071738 sending message 112 to peer 0x5f016de7ae80 (9 bytes)
1711425811.071743 sending message 112 to peer 0x5f016de7ae80 (12 bytes)
1711425811.071747 sending message 112 to peer 0x5f016de7ae80 (8 bytes)
1711425811.071752 sending message 112 to peer 0x5f016de7ae80 (8 bytes)
1711425811.071757 sending message 112 to peer 0x5f016de7ae80 (13 bytes)
1711425811.071761 sending message 112 to peer 0x5f016de7ae80 (7 bytes)
1711425811.071766 sending message 112 to peer 0x5f016de7ae80 (7 bytes)
1711425811.071770 sending message 112 to peer 0x5f016de7ae80 (9 bytes)
1711425811.071775 sending message 112 to peer 0x5f016de7ae80 (6 bytes)
1711425811.071780 sending message 112 to peer 0x5f016de7ae80 (9 bytes)
1711425811.071784 sending message 112 to peer 0x5f016de7ae80 (15 bytes)
1711425811.071789 sending message 112 to peer 0x5f016de7ae80 (13 bytes)
1711425811.071794 sending message 112 to peer 0x5f016de7ae80 (12 bytes)
1711425811.071798 sending message 112 to peer 0x5f016de7ae80 (8 bytes)
1711425811.071803 sending message 112 to peer 0x5f016de7ae80 (14 bytes)
1711425811.071807 sending message 112 to peer 0x5f016de7ae80 (11 bytes)
1711425811.071812 sending message 112 to peer 0x5f016de7ae80 (9 bytes)
1711425811.071824 sending message 112 to peer 0x5f016de7ae80 (10 bytes)
1711425811.071829 sending message 112 to peer 0x5f016de7ae80 (10 bytes)
1711425811.071834 sending message 112 to peer 0x5f016de7ae80 (10 bytes)
1711425811.071839 sending message 112 to peer 0x5f016de7ae80 (10 bytes)
1711425811.071843 sending message 112 to peer 0x5f016de7ae80 (11 bytes)
1711425811.071848 sending message 112 to peer 0x5f016de7ae80 (12 bytes)
1711425811.071853 sending message 112 to peer 0x5f016de7ae80 (12 bytes)
1711425811.071857 sending message 112 to peer 0x5f016de7ae80 (12 bytes)
1711425811.071862 sending message 112 to peer 0x5f016de7ae80 (12 bytes)
1711425811.071867 sending message 112 to peer 0x5f016de7ae80 (12 bytes)
1711425811.071871 sending message 112 to peer 0x5f016de7ae80 (11 bytes)
1711425811.071876 sending message 112 to peer 0x5f016de7ae80 (11 bytes)
1711425811.071881 sending message 112 to peer 0x5f016de7ae80 (12 bytes)
1711425811.071886 sending message 112 to peer 0x5f016de7ae80 (12 bytes)
1711425811.071891 sending message 112 to peer 0x5f016de7ae80 (12 bytes)
1711425811.071895 sending message 112 to peer 0x5f016de7ae80 (12 bytes)
1711425811.071900 sending message 112 to peer 0x5f016de7ae80 (12 bytes)
1711425811.071905 sending message 112 to peer 0x5f016de7ae80 (9 bytes)
1711425811.071909 sending message 112 to peer 0x5f016de7ae80 (12 bytes)
1711425811.071914 sending message 112 to peer 0x5f016de7ae80 (13 bytes)
1711425811.071918 sending message 112 to peer 0x5f016de7ae80 (13 bytes)
1711425811.071923 sending message 112 to peer 0x5f016de7ae80 (13 bytes)
1711425811.071928 sending message 112 to peer 0x5f016de7ae80 (13 bytes)
1711425811.071932 sending message 112 to peer 0x5f016de7ae80 (13 bytes)
1711425811.071937 sending message 112 to peer 0x5f016de7ae80 (8 bytes)
1711425811.071942 sending message 112 to peer 0x5f016de7ae80 (11 bytes)
1711425811.071947 sending message 112 to peer 0x5f016de7ae80 (11 bytes)
1711425811.071952 sending message 112 to peer 0x5f016de7ae80 (11 bytes)
1711425811.071956 sending message 112 to peer 0x5f016de7ae80 (12 bytes)
1711425811.071961 sending message 112 to peer 0x5f016de7ae80 (12 bytes)
1711425811.071966 sending message 112 to peer 0x5f016de7ae80 (12 bytes)
1711425811.071970 sending message 112 to peer 0x5f016de7ae80 (12 bytes)
1711425811.071975 sending message 112 to peer 0x5f016de7ae80 (13 bytes)
1711425811.071980 sending message 112 to peer 0x5f016de7ae80 (13 bytes)
1711425811.071984 sending message 112 to peer 0x5f016de7ae80 (13 bytes)
1711425811.071989 sending message 112 to peer 0x5f016de7ae80 (8 bytes)
1711425811.071993 sending message 112 to peer 0x5f016de7ae80 (13 bytes)
1711425811.071998 sending message 112 to peer 0x5f016de7ae80 (13 bytes)
1711425811.072003 sending message 112 to peer 0x5f016de7ae80 (13 bytes)
1711425811.072008 sending message 112 to peer 0x5f016de7ae80 (13 bytes)
1711425811.072013 sending message 112 to peer 0x5f016de7ae80 (13 bytes)
1711425811.072017 sending message 112 to peer 0x5f016de7ae80 (12 bytes)
1711425811.072022 sending message 112 to peer 0x5f016de7ae80 (12 bytes)
1711425811.072027 sending message 112 to peer 0x5f016de7ae80 (12 bytes)
1711425811.072031 sending message 112 to peer 0x5f016de7ae80 (12 bytes)
1711425811.072036 sending message 112 to peer 0x5f016de7ae80 (13 bytes)
1711425811.072040 sending message 112 to peer 0x5f016de7ae80 (8 bytes)
1711425811.072045 sending message 112 to peer 0x5f016de7ae80 (13 bytes)
1711425811.072050 sending message 112 to peer 0x5f016de7ae80 (13 bytes)
1711425811.072054 sending message 112 to peer 0x5f016de7ae80 (13 bytes)
1711425811.072059 sending message 112 to peer 0x5f016de7ae80 (13 bytes)
1711425811.072064 sending message 112 to peer 0x5f016de7ae80 (13 bytes)
1711425811.072068 sending message 112 to peer 0x5f016de7ae80 (13 bytes)
1711425811.072073 sending message 112 to peer 0x5f016de7ae80 (13 bytes)
1711425811.072078 sending message 112 to peer 0x5f016de7ae80 (12 bytes)
1711425811.072083 sending message 112 to peer 0x5f016de7ae80 (12 bytes)
1711425811.072087 sending message 112 to peer 0x5f016de7ae80 (12 bytes)
1711425811.072096 sending message 112 to peer 0x5f016de7ae80 (8 bytes)
1711425811.072101 sending message 112 to peer 0x5f016de7ae80 (12 bytes)
1711425811.072105 sending message 112 to peer 0x5f016de7ae80 (13 bytes)
1711425811.072110 sending message 112 to peer 0x5f016de7ae80 (13 bytes)
1711425811.072115 sending message 112 to peer 0x5f016de7ae80 (13 bytes)
1711425811.072119 sending message 112 to peer 0x5f016de7ae80 (13 bytes)
1711425811.072124 sending message 112 to peer 0x5f016de7ae80 (13 bytes)
1711425811.072129 sending message 112 to peer 0x5f016de7ae80 (13 bytes)
1711425811.072133 sending message 112 to peer 0x5f016de7ae80 (13 bytes)
1711425811.072138 sending message 112 to peer 0x5f016de7ae80 (13 bytes)
1711425811.072143 sending message 112 to peer 0x5f016de7ae80 (12 bytes)
1711425811.072147 sending message 112 to peer 0x5f016de7ae80 (10 bytes)
1711425811.072152 sending message 112 to peer 0x5f016de7ae80 (12 bytes)
1711425811.072157 sending message 112 to peer 0x5f016de7ae80 (12 bytes)
1711425811.072161 sending message 112 to peer 0x5f016de7ae80 (12 bytes)
1711425811.072166 sending message 112 to peer 0x5f016de7ae80 (13 bytes)
1711425811.072170 sending message 112 to peer 0x5f016de7ae80 (13 bytes)
1711425811.072175 sending message 112 to peer 0x5f016de7ae80 (13 bytes)
1711425811.072180 sending message 112 to peer 0x5f016de7ae80 (13 bytes)
1711425811.072184 sending message 112 to peer 0x5f016de7ae80 (13 bytes)
1711425811.072189 sending message 112 to peer 0x5f016de7ae80 (13 bytes)
1711425811.072194 sending message 112 to peer 0x5f016de7ae80 (13 bytes)
1711425811.072198 sending message 112 to peer 0x5f016de7ae80 (10 bytes)
1711425811.072203 sending message 112 to peer 0x5f016de7ae80 (13 bytes)
1711425811.072208 sending message 112 to peer 0x5f016de7ae80 (12 bytes)
1711425811.072213 sending message 112 to peer 0x5f016de7ae80 (12 bytes)
1711425811.072217 sending message 112 to peer 0x5f016de7ae80 (12 bytes)
1711425811.072222 sending message 112 to peer 0x5f016de7ae80 (10 bytes)
1711425811.072227 sending message 112 to peer 0x5f016de7ae80 (10 bytes)
1711425811.072231 sending message 112 to peer 0x5f016de7ae80 (10 bytes)
1711425811.072236 sending message 112 to peer 0x5f016de7ae80 (12 bytes)
1711425811.072240 sending message 112 to peer 0x5f016de7ae80 (13 bytes)
1711425811.072245 sending message 112 to peer 0x5f016de7ae80 (13 bytes)
1711425811.072250 sending message 112 to peer 0x5f016de7ae80 (13 bytes)
1711425811.072255 sending message 112 to peer 0x5f016de7ae80 (13 bytes)
1711425811.072259 sending message 112 to peer 0x5f016de7ae80 (13 bytes)
1711425811.072264 sending message 112 to peer 0x5f016de7ae80 (10 bytes)
1711425811.072269 sending message 112 to peer 0x5f016de7ae80 (11 bytes)
1711425811.072273 sending message 112 to peer 0x5f016de7ae80 (12 bytes)
1711425811.072278 sending message 112 to peer 0x5f016de7ae80 (12 bytes)
1711425811.072283 sending message 112 to peer 0x5f016de7ae80 (12 bytes)
1711425811.072288 sending message 112 to peer 0x5f016de7ae80 (12 bytes)
1711425811.072293 sending message 112 to peer 0x5f016de7ae80 (12 bytes)
1711425811.072297 sending message 112 to peer 0x5f016de7ae80 (11 bytes)
1711425811.072302 sending message 112 to peer 0x5f016de7ae80 (12 bytes)
1711425811.072307 sending message 112 to peer 0x5f016de7ae80 (12 bytes)
1711425811.072311 sending message 112 to peer 0x5f016de7ae80 (13 bytes)
1711425811.072316 sending message 112 to peer 0x5f016de7ae80 (13 bytes)
1711425811.072321 sending message 112 to peer 0x5f016de7ae80 (13 bytes)
1711425811.072325 sending message 112 to peer 0x5f016de7ae80 (13 bytes)
1711425811.072330 sending message 112 to peer 0x5f016de7ae80 (13 bytes)
1711425811.072334 sending message 112 to peer 0x5f016de7ae80 (10 bytes)
1711425811.072339 sending message 112 to peer 0x5f016de7ae80 (9 bytes)
1711425811.072344 sending message 112 to peer 0x5f016de7ae80 (12 bytes)
1711425811.072348 sending message 112 to peer 0x5f016de7ae80 (13 bytes)
1711425811.072353 sending message 112 to peer 0x5f016de7ae80 (13 bytes)
1711425811.072361 sending message 112 to peer 0x5f016de7ae80 (13 bytes)
1711425811.072366 sending message 112 to peer 0x5f016de7ae80 (13 bytes)
1711425811.072370 sending message 112 to peer 0x5f016de7ae80 (13 bytes)
1711425811.072375 sending message 112 to peer 0x5f016de7ae80 (9 bytes)
1711425811.072380 sending message 112 to peer 0x5f016de7ae80 (12 bytes)
1711425811.072384 sending message 112 to peer 0x5f016de7ae80 (13 bytes)
1711425811.072389 sending message 112 to peer 0x5f016de7ae80 (13 bytes)
1711425811.072405 sending message 112 to peer 0x5f016de7ae80 (13 bytes)
1711425811.072413 sending message 112 to peer 0x5f016de7ae80 (13 bytes)
1711425811.072420 sending message 112 to peer 0x5f016de7ae80 (13 bytes)
1711425811.072429 sending message 112 to peer 0x5f016de7ae80 (11 bytes)
1711425811.072437 sending message 112 to peer 0x5f016de7ae80 (12 bytes)
1711425811.072442 sending message 112 to peer 0x5f016de7ae80 (13 bytes)
1711425811.072446 sending message 112 to peer 0x5f016de7ae80 (13 bytes)
1711425811.072451 sending message 112 to peer 0x5f016de7ae80 (13 bytes)
1711425811.072455 sending message 112 to peer 0x5f016de7ae80 (13 bytes)
1711425811.072460 sending message 112 to peer 0x5f016de7ae80 (13 bytes)
1711425811.072464 sending message 112 to peer 0x5f016de7ae80 (11 bytes)
1711425811.072469 sending message 112 to peer 0x5f016de7ae80 (12 bytes)
1711425811.072473 sending message 112 to peer 0x5f016de7ae80 (12 bytes)
1711425811.072478 sending message 112 to peer 0x5f016de7ae80 (12 bytes)
1711425811.072482 sending message 112 to peer 0x5f016de7ae80 (12 bytes)
1711425811.072487 sending message 112 to peer 0x5f016de7ae80 (12 bytes)
1711425811.072495 sending message 112 to peer 0x5f016de7ae80 (21 bytes)
1711425811.072500 sending message 112 to peer 0x5f016de7ae80 (12 bytes)
1711425811.072504 sending message 112 to peer 0x5f016de7ae80 (9 bytes)
1711425811.072509 sending message 112 to peer 0x5f016de7ae80 (6 bytes)
1711425811.072513 sending message 112 to peer 0x5f016de7ae80 (13 bytes)
1711425811.072518 sending message 112 to peer 0x5f016de7ae80 (10 bytes)
1711425811.072535 sending message 112 to peer 0x5f016de7ae80 (24 bytes)
1711425811.072539 sending message 112 to peer 0x5f016de7ae80 (13 bytes)
1711425811.072543 sending message 112 to peer 0x5f016de7ae80 (9 bytes)
1711425811.072547 sending message 112 to peer 0x5f016de7ae80 (70 bytes)
1711425811.072551 sending message 112 to peer 0x5f016de7ae80 (69 bytes)
1711425811.072555 sending message 112 to peer 0x5f016de7ae80 (12 bytes)
1711425811.072560 sending message 112 to peer 0x5f016de7ae80 (10 bytes)
1711425811.072564 sending message 112 to peer 0x5f016de7ae80 (10 bytes)
1711425811.072568 sending message 112 to peer 0x5f016de7ae80 (24 bytes)
1711425811.072572 sending message 112 to peer 0x5f016de7ae80 (13 bytes)
1711425811.072581 sending message 112 to peer 0x5f016de7ae80 (10 bytes)
1711425811.072585 sending message 112 to peer 0x5f016de7ae80 (10 bytes)
1711425811.072589 sending message 112 to peer 0x5f016de7ae80 (17 bytes)
1711425811.072593 sending message 112 to peer 0x5f016de7ae80 (10 bytes)
1711425811.072597 sending message 112 to peer 0x5f016de7ae80 (13 bytes)
1711425811.072601 sending message 112 to peer 0x5f016de7ae80 (32 bytes)
1711425811.072605 sending message 112 to peer 0x5f016de7ae80 (9 bytes)
1711425811.072609 sending message 112 to peer 0x5f016de7ae80 (15 bytes)
1711425811.072613 sending message 112 to peer 0x5f016de7ae80 (5 bytes)
1711425811.072619 sending message 104 to peer 0x5f016de7ae80 (0 bytes)
1711425811.072624 sending message 110 to peer 0x5f016de7ae80 (0 bytes)
1711425811.072630 sending message 107 to peer 0x5f016de7ae80 (4 bytes)
1711425811.072634 sending message 105 to peer 0x5f016de7ae80 (41 bytes)
1711425811.072638 sending message 105 to peer 0x5f016de7ae80 (65 bytes)
1711425811.072642 sending message 105 to peer 0x5f016de7ae80 (36 bytes)
1711425811.072646 sending message 105 to peer 0x5f016de7ae80 (20 bytes)
1711425811.072653 sending message 105 to peer 0x5f016de7ae80 (54 bytes)
1711425811.072657 sending message 105 to peer 0x5f016de7ae80 (23 bytes)
1711425811.072665 sending message 105 to peer 0x5f016de7ae80 (11 bytes)
1711425811.072669 sending message 105 to peer 0x5f016de7ae80 (18 bytes)
1711425811.072673 sending message 105 to peer 0x5f016de7ae80 (68 bytes)
1711425811.072678 sending message 105 to peer 0x5f016de7ae80 (38 bytes)
1711425811.072682 sending message 105 to peer 0x5f016de7ae80 (24 bytes)
1711425811.072686 sending message 105 to peer 0x5f016de7ae80 (33 bytes)
1711425811.072690 sending message 105 to peer 0x5f016de7ae80 (44 bytes)
1711425811.072694 sending message 105 to peer 0x5f016de7ae80 (23 bytes)
1711425811.072698 sending message 105 to peer 0x5f016de7ae80 (32 bytes)
1711425811.072702 sending message 105 to peer 0x5f016de7ae80 (28 bytes)
1711425811.072706 sending message 105 to peer 0x5f016de7ae80 (18 bytes)
1711425811.072711 sending message 105 to peer 0x5f016de7ae80 (47 bytes)
1711425811.072715 sending message 105 to peer 0x5f016de7ae80 (55 bytes)
1711425811.072719 sending message 105 to peer 0x5f016de7ae80 (23 bytes)
1711425811.072725 sending message 105 to peer 0x5f016de7ae80 (17 bytes)
1711425811.072730 sending message 105 to peer 0x5f016de7ae80 (18 bytes)
1711425811.072734 sending message 105 to peer 0x5f016de7ae80 (17 bytes)
1711425811.072738 sending message 105 to peer 0x5f016de7ae80 (24 bytes)
1711425811.072742 sending message 105 to peer 0x5f016de7ae80 (21 bytes)
1711425811.072746 sending message 105 to peer 0x5f016de7ae80 (18 bytes)
1711425811.072750 sending message 105 to peer 0x5f016de7ae80 (14 bytes)
1711425811.072754 sending message 105 to peer 0x5f016de7ae80 (17 bytes)
1711425811.072758 sending message 105 to peer 0x5f016de7ae80 (15 bytes)
1711425811.072762 sending message 105 to peer 0x5f016de7ae80 (19 bytes)
1711425811.072766 sending message 105 to peer 0x5f016de7ae80 (14 bytes)
1711425811.072770 sending message 105 to peer 0x5f016de7ae80 (15 bytes)
1711425811.072774 sending message 105 to peer 0x5f016de7ae80 (16 bytes)
1711425811.072778 sending message 105 to peer 0x5f016de7ae80 (20 bytes)
1711425811.072782 sending message 105 to peer 0x5f016de7ae80 (13 bytes)
1711425811.072787 sending message 105 to peer 0x5f016de7ae80 (395 bytes)
1711425811.072793 sending message 105 to peer 0x5f016de7ae80 (30 bytes)
1711425811.072798 sending message 105 to peer 0x5f016de7ae80 (19 bytes)
1711425811.072802 sending message 105 to peer 0x5f016de7ae80 (18 bytes)
1711425811.072806 sending message 105 to peer 0x5f016de7ae80 (96 bytes)
1711425811.072810 sending message 105 to peer 0x5f016de7ae80 (15 bytes)
1711425811.072814 sending message 105 to peer 0x5f016de7ae80 (8 bytes)
1711425811.072818 sending message 105 to peer 0x5f016de7ae80 (33 bytes)
1711425811.072822 sending message 105 to peer 0x5f016de7ae80 (41 bytes)
1711425811.072826 sending message 105 to peer 0x5f016de7ae80 (22 bytes)
1711425811.072830 sending message 105 to peer 0x5f016de7ae80 (15 bytes)
1711425811.072834 sending message 105 to peer 0x5f016de7ae80 (12 bytes)
1711425811.072838 sending message 105 to peer 0x5f016de7ae80 (16 bytes)
1711425811.072842 sending message 105 to peer 0x5f016de7ae80 (26 bytes)
1711425811.072846 sending message 105 to peer 0x5f016de7ae80 (25 bytes)
1711425811.072851 sending message 105 to peer 0x5f016de7ae80 (54 bytes)
1711425811.072857 sending message 105 to peer 0x5f016de7ae80 (33 bytes)
1711425811.072862 sending message 105 to peer 0x5f016de7ae80 (146 bytes)
1711425811.072866 sending message 105 to peer 0x5f016de7ae80 (23 bytes)
1711425811.072870 sending message 105 to peer 0x5f016de7ae80 (31 bytes)
1711425811.072874 sending message 105 to peer 0x5f016de7ae80 (23 bytes)
1711425811.072878 sending message 105 to peer 0x5f016de7ae80 (27 bytes)
1711425811.072882 sending message 105 to peer 0x5f016de7ae80 (25 bytes)
1711425811.072886 sending message 105 to peer 0x5f016de7ae80 (20 bytes)
1711425811.072890 sending message 105 to peer 0x5f016de7ae80 (16 bytes)
1711425811.072894 sending message 105 to peer 0x5f016de7ae80 (23 bytes)
1711425811.072898 sending message 105 to peer 0x5f016de7ae80 (12 bytes)
1711425811.072902 sending message 105 to peer 0x5f016de7ae80 (20 bytes)
1711425811.072910 sending message 105 to peer 0x5f016de7ae80 (28 bytes)
1711425811.072914 sending message 105 to peer 0x5f016de7ae80 (11 bytes)
1711425811.072918 sending message 105 to peer 0x5f016de7ae80 (8 bytes)
1711425811.072926 sending message 105 to peer 0x5f016de7ae80 (32 bytes)
1711425811.072930 sending message 105 to peer 0x5f016de7ae80 (11 bytes)
1711425811.072935 sending message 105 to peer 0x5f016de7ae80 (10 bytes)
1711425811.072939 sending message 105 to peer 0x5f016de7ae80 (24 bytes)
1711425811.072943 sending message 105 to peer 0x5f016de7ae80 (45 bytes)
1711425811.072947 sending message 105 to peer 0x5f016de7ae80 (18 bytes)
1711425811.072951 sending message 105 to peer 0x5f016de7ae80 (13 bytes)
1711425811.072955 sending message 105 to peer 0x5f016de7ae80 (38 bytes)
1711425811.072959 sending message 105 to peer 0x5f016de7ae80 (32 bytes)
1711425811.072963 sending message 105 to peer 0x5f016de7ae80 (73 bytes)
1711425811.072968 sending message 105 to peer 0x5f016de7ae80 (41 bytes)
1711425811.072972 sending message 105 to peer 0x5f016de7ae80 (30 bytes)
1711425811.072976 sending message 105 to peer 0x5f016de7ae80 (21 bytes)
1711425811.072980 sending message 105 to peer 0x5f016de7ae80 (32 bytes)
1711425811.072984 sending message 105 to peer 0x5f016de7ae80 (46 bytes)
1711425811.072991 sending message 105 to peer 0x5f016de7ae80 (25 bytes)
1711425811.072995 sending message 105 to peer 0x5f016de7ae80 (54 bytes)
1711425811.072999 sending message 106 to peer 0x5f016de7ae80 (0 bytes)
1711425811.073007 sending message 200 to peer 0x5f016de7ae80 (4 bytes)
1711425811.073011 client loop enter
1711425811.073066 client_signal: Child exited
1711425811.149110 peer 0x5f016de7ae80 message 207
1711425811.149131 sending message 208 to peer 0x5f016de7ae80 (0 bytes)
1711425817.788696 peer 0x5f016de7ae80 message 203
1711425817.788709 sending message 205 to peer 0x5f016de7ae80 (0 bytes)
1711425817.789089 peer 0x5f016de7ae80 message 204
1711425817.789101 client loop exit
